# JRE version: Java(TM) SE Runtime Environment (8.0_111-b14) (build 1.8.0_111-b14)
# Java VM: Java HotSpot(TM) 64-Bit Server VM (25.111-b14 mixed mode windows-amd64 compressed oops)
Heap:
 PSYoungGen      total 130048K, used 12744K [0x00000000d9d00000, 0x00000000e9c00000, 0x0000000100000000)
  eden space 120832K, 10% used [0x00000000d9d00000,0x00000000da8fa010,0x00000000e1300000)
  from space 9216K, 5% used [0x00000000e1300000,0x00000000e1378000,0x00000000e1c00000)
  to   space 9728K, 0% used [0x00000000e9280000,0x00000000e9280000,0x00000000e9c00000)
 ParOldGen       total 79360K, used 17389K [0x000000008d600000, 0x0000000092380000, 0x00000000d9d00000)
  object space 79360K, 21% used [0x000000008d600000,0x000000008e6fb790,0x0000000092380000)
 Metaspace       used 11724K, capacity 11927K, committed 12160K, reserved 1060864K
  class space    used 1034K, capacity 1134K, committed 1152K, reserved 1048576K
GC Heap History (10 events):
Event: 4.616 GC heap before
{Heap before GC invocations=3 (full 0):
 PSYoungGen      total 34816K, used 33499K [0x00000000d9d00000, 0x00000000de100000, 0x0000000100000000)
  eden space 30208K, 100% used [0x00000000d9d00000,0x00000000dba80000,0x00000000dba80000)
  from space 4608K, 71% used [0x00000000dbf00000,0x00000000dc236c20,0x00000000dc380000)
  to   space 4608K, 0% used [0x00000000dba80000,0x00000000dba80000,0x00000000dbf00000)
 ParOldGen       total 79360K, used 2095K [0x000000008d600000, 0x0000000092380000, 0x00000000d9d00000)
  object space 79360K, 2% used [0x000000008d600000,0x000000008d80bfd8,0x0000000092380000)
 Metaspace       used 11245K, capacity 11433K, committed 11648K, reserved 1060864K
  class space    used 1013K, capacity 1097K, committed 1152K, reserved 1048576K
Event: 4.625 GC heap after
Heap after GC invocations=3 (full 0):
 PSYoungGen      total 34816K, used 4537K [0x00000000d9d00000, 0x00000000de100000, 0x0000000100000000)
  eden space 30208K, 0% used [0x00000000d9d00000,0x00000000d9d00000,0x00000000dba80000)
  from space 4608K, 98% used [0x00000000dba80000,0x00000000dbeee5f8,0x00000000dbf00000)
  to   space 4608K, 0% used [0x00000000ddc80000,0x00000000ddc80000,0x00000000de100000)
 ParOldGen       total 79360K, used 2103K [0x000000008d600000, 0x0000000092380000, 0x00000000d9d00000)
  object space 79360K, 2% used [0x000000008d600000,0x000000008d80dfd8,0x0000000092380000)
 Metaspace       used 11245K, capacity 11433K, committed 11648K, reserved 1060864K
  class space    used 1013K, capacity 1097K, committed 1152K, reserved 1048576K
}
Event: 4.681 GC heap before
{Heap before GC invocations=4 (full 0):
 PSYoungGen      total 34816K, used 34745K [0x00000000d9d00000, 0x00000000de100000, 0x0000000100000000)
  eden space 30208K, 100% used [0x00000000d9d00000,0x00000000dba80000,0x00000000dba80000)
  from space 4608K, 98% used [0x00000000dba80000,0x00000000dbeee5f8,0x00000000dbf00000)
  to   space 4608K, 0% used [0x00000000ddc80000,0x00000000ddc80000,0x00000000de100000)
 ParOldGen       total 79360K, used 2103K [0x000000008d600000, 0x0000000092380000, 0x00000000d9d00000)
  object space 79360K, 2% used [0x000000008d600000,0x000000008d80dfd8,0x0000000092380000)
 Metaspace       used 11247K, capacity 11433K, committed 11648K, reserved 1060864K
  class space    used 1013K, capacity 1097K, committed 1152K, reserved 1048576K
Event: 4.699 GC heap after
Heap after GC invocations=4 (full 0):
 PSYoungGen      total 65024K, used 4585K [0x00000000d9d00000, 0x00000000de100000, 0x0000000100000000)
  eden space 60416K, 0% used [0x00000000d9d00000,0x00000000d9d00000,0x00000000dd800000)
  from space 4608K, 99% used [0x00000000ddc80000,0x00000000de0fa458,0x00000000de100000)
  to   space 4608K, 0% used [0x00000000dd800000,0x00000000dd800000,0x00000000ddc80000)
 ParOldGen       total 79360K, used 3439K [0x000000008d600000, 0x0000000092380000, 0x00000000d9d00000)
  object space 79360K, 4% used [0x000000008d600000,0x000000008d95bff8,0x0000000092380000)
 Metaspace       used 11247K, capacity 11433K, committed 11648K, reserved 1060864K
  class space    used 1013K, capacity 1097K, committed 1152K, reserved 1048576K
}
Event: 4.797 GC heap before
{Heap before GC invocations=5 (full 0):
 PSYoungGen      total 65024K, used 65001K [0x00000000d9d00000, 0x00000000de100000, 0x0000000100000000)
  eden space 60416K, 100% used [0x00000000d9d00000,0x00000000dd800000,0x00000000dd800000)
  from space 4608K, 99% used [0x00000000ddc80000,0x00000000de0fa458,0x00000000de100000)
  to   space 4608K, 0% used [0x00000000dd800000,0x00000000dd800000,0x00000000ddc80000)
 ParOldGen       total 79360K, used 3439K [0x000000008d600000, 0x0000000092380000, 0x00000000d9d00000)
  object space 79360K, 4% used [0x000000008d600000,0x000000008d95bff8,0x0000000092380000)
 Metaspace       used 11247K, capacity 11433K, committed 11648K, reserved 1060864K
  class space    used 1013K, capacity 1097K, committed 1152K, reserved 1048576K
Event: 4.822 GC heap after
Heap after GC invocations=5 (full 0):
 PSYoungGen      total 65024K, used 4606K [0x00000000d9d00000, 0x00000000e2500000, 0x0000000100000000)
  eden space 60416K, 0% used [0x00000000d9d00000,0x00000000d9d00000,0x00000000dd800000)
  from space 4608K, 99% used [0x00000000dd800000,0x00000000ddc7fb78,0x00000000ddc80000)
  to   space 9216K, 0% used [0x00000000e1c00000,0x00000000e1c00000,0x00000000e2500000)
 ParOldGen       total 79360K, used 6951K [0x000000008d600000, 0x0000000092380000, 0x00000000d9d00000)
  object space 79360K, 8% used [0x000000008d600000,0x000000008dcc9ff8,0x0000000092380000)
 Metaspace       used 11247K, capacity 11433K, committed 11648K, reserved 1060864K
  class space    used 1013K, capacity 1097K, committed 1152K, reserved 1048576K
}
Event: 5.608 GC heap before
{Heap before GC invocations=6 (full 0):
 PSYoungGen      total 65024K, used 65022K [0x00000000d9d00000, 0x00000000e2500000, 0x0000000100000000)
  eden space 60416K, 100% used [0x00000000d9d00000,0x00000000dd800000,0x00000000dd800000)
  from space 4608K, 99% used [0x00000000dd800000,0x00000000ddc7fb78,0x00000000ddc80000)
  to   space 9216K, 0% used [0x00000000e1c00000,0x00000000e1c00000,0x00000000e2500000)
 ParOldGen       total 79360K, used 6951K [0x000000008d600000, 0x0000000092380000, 0x00000000d9d00000)
  object space 79360K, 8% used [0x000000008d600000,0x000000008dcc9ff8,0x0000000092380000)
 Metaspace       used 11541K, capacity 11787K, committed 11904K, reserved 1060864K
  class space    used 1028K, capacity 1130K, committed 1152K, reserved 1048576K
Event: 5.625 GC heap after
Heap after GC invocations=6 (full 0):
 PSYoungGen      total 130048K, used 6532K [0x00000000d9d00000, 0x00000000e2500000, 0x0000000100000000)
  eden space 120832K, 0% used [0x00000000d9d00000,0x00000000d9d00000,0x00000000e1300000)
  from space 9216K, 70% used [0x00000000e1c00000,0x00000000e2261398,0x00000000e2500000)
  to   space 9216K, 0% used [0x00000000e1300000,0x00000000e1300000,0x00000000e1c00000)
 ParOldGen       total 79360K, used 15152K [0x000000008d600000, 0x0000000092380000, 0x00000000d9d00000)
  object space 79360K, 19% used [0x000000008d600000,0x000000008e4cc018,0x0000000092380000)
 Metaspace       used 11541K, capacity 11787K, committed 11904K, reserved 1060864K
  class space    used 1028K, capacity 1130K, committed 1152K, reserved 1048576K
}
Event: 9.189 GC heap before
{Heap before GC invocations=7 (full 0):
 PSYoungGen      total 130048K, used 127364K [0x00000000d9d00000, 0x00000000e2500000, 0x0000000100000000)
  eden space 120832K, 100% used [0x00000000d9d00000,0x00000000e1300000,0x00000000e1300000)
  from space 9216K, 70% used [0x00000000e1c00000,0x00000000e2261398,0x00000000e2500000)
  to   space 9216K, 0% used [0x00000000e1300000,0x00000000e1300000,0x00000000e1c00000)
 ParOldGen       total 79360K, used 15152K [0x000000008d600000, 0x0000000092380000, 0x00000000d9d00000)
  object space 79360K, 19% used [0x000000008d600000,0x000000008e4cc018,0x0000000092380000)
 Metaspace       used 11690K, capacity 11861K, committed 12160K, reserved 1060864K
  class space    used 1032K, capacity 1133K, committed 1152K, reserved 1048576K
Event: 9.202 GC heap after
Heap after GC invocations=7 (full 0):
 PSYoungGen      total 130048K, used 480K [0x00000000d9d00000, 0x00000000e9c00000, 0x0000000100000000)
  eden space 120832K, 0% used [0x00000000d9d00000,0x00000000d9d00000,0x00000000e1300000)
  from space 9216K, 5% used [0x00000000e1300000,0x00000000e1378000,0x00000000e1c00000)
  to   space 9728K, 0% used [0x00000000e9280000,0x00000000e9280000,0x00000000e9c00000)
 ParOldGen       total 79360K, used 17389K [0x000000008d600000, 0x0000000092380000, 0x00000000d9d00000)
  object space 79360K, 21% used [0x000000008d600000,0x000000008e6fb790,0x0000000092380000)
 Metaspace       used 11690K, capacity 11861K, committed 12160K, reserved 1060864K
  class space    used 1032K, capacity 1133K, committed 1152K, reserved 1048576K
}

