# JRE version: Java(TM) SE Runtime Environment (13.0.2+8) (build 13.0.2+8)
# Java VM: Java HotSpot(TM) 64-Bit Server VM (13.0.2+8, mixed mode, sharing, tiered, compressed oops, g1 gc, windows-amd64)
Heap:
 garbage-first heap   total 262144K, used 74713K [0x0000000700c00000, 0x0000000800000000)
  region size 1024K, 14 young (14336K), 2 survivors (2048K)
 Metaspace       used 9766K, capacity 10163K, committed 10368K, reserved 1058816K
  class space    used 643K, capacity 777K, committed 896K, reserved 1048576K
GC Heap History (6 events):
Event: 0.941 GC heap before
{Heap before GC invocations=0 (full 0):
 garbage-first heap   total 262144K, used 23552K [0x0000000700c00000, 0x0000000800000000)
  region size 1024K, 24 young (24576K), 0 survivors (0K)
 Metaspace       used 5852K, capacity 8268K, committed 8576K, reserved 1056768K
  class space    used 354K, capacity 611K, committed 640K, reserved 1048576K
}
Event: 0.943 GC heap after
{Heap after GC invocations=1 (full 0):
 garbage-first heap   total 262144K, used 3294K [0x0000000700c00000, 0x0000000800000000)
  region size 1024K, 3 young (3072K), 3 survivors (3072K)
 Metaspace       used 5852K, capacity 8268K, committed 8576K, reserved 1056768K
  class space    used 354K, capacity 611K, committed 640K, reserved 1048576K
}
Event: 1.581 GC heap before
{Heap before GC invocations=1 (full 0):
 garbage-first heap   total 262144K, used 171230K [0x0000000700c00000, 0x0000000800000000)
  region size 1024K, 141 young (144384K), 3 survivors (3072K)
 Metaspace       used 9642K, capacity 10097K, committed 10368K, reserved 1058816K
  class space    used 643K, capacity 777K, committed 896K, reserved 1048576K
}
Event: 1.641 GC heap after
{Heap after GC invocations=2 (full 0):
 garbage-first heap   total 262144K, used 64084K [0x0000000700c00000, 0x0000000800000000)
  region size 1024K, 18 young (18432K), 18 survivors (18432K)
 Metaspace       used 9642K, capacity 10097K, committed 10368K, reserved 1058816K
  class space    used 643K, capacity 777K, committed 896K, reserved 1048576K
}
Event: 1.947 GC heap before
{Heap before GC invocations=2 (full 0):
 garbage-first heap   total 262144K, used 75348K [0x0000000700c00000, 0x0000000800000000)
  region size 1024K, 24 young (24576K), 18 survivors (18432K)
 Metaspace       used 9735K, capacity 10163K, committed 10368K, reserved 1058816K
  class space    used 643K, capacity 777K, committed 896K, reserved 1048576K
}
Event: 1.957 GC heap after
{Heap after GC invocations=3 (full 0):
 garbage-first heap   total 262144K, used 63449K [0x0000000700c00000, 0x0000000800000000)
  region size 1024K, 2 young (2048K), 2 survivors (2048K)
 Metaspace       used 9735K, capacity 10163K, committed 10368K, reserved 1058816K
  class space    used 643K, capacity 777K, committed 896K, reserved 1048576K
}

