# JRE version: Java(TM) SE Runtime Environment (13.0.2+8) (build 13.0.2+8)
# Java VM: Java HotSpot(TM) 64-Bit Server VM (13.0.2+8, mixed mode, sharing, tiered, compressed oops, g1 gc, windows-amd64)
Heap:
 garbage-first heap   total 262144K, used 77783K [0x0000000700c00000, 0x0000000800000000)
  region size 1024K, 18 young (18432K), 2 survivors (2048K)
 Metaspace       used 9760K, capacity 10163K, committed 10368K, reserved 1058816K
  class space    used 643K, capacity 777K, committed 896K, reserved 1048576K
GC Heap History (6 events):
Event: 0.946 GC heap before
{Heap before GC invocations=0 (full 0):
 garbage-first heap   total 262144K, used 23552K [0x0000000700c00000, 0x0000000800000000)
  region size 1024K, 24 young (24576K), 0 survivors (0K)
 Metaspace       used 5852K, capacity 8268K, committed 8576K, reserved 1056768K
  class space    used 354K, capacity 611K, committed 640K, reserved 1048576K
}
Event: 0.948 GC heap after
{Heap after GC invocations=1 (full 0):
 garbage-first heap   total 262144K, used 3369K [0x0000000700c00000, 0x0000000800000000)
  region size 1024K, 3 young (3072K), 3 survivors (3072K)
 Metaspace       used 5852K, capacity 8268K, committed 8576K, reserved 1056768K
  class space    used 354K, capacity 611K, committed 640K, reserved 1048576K
}
Event: 1.586 GC heap before
{Heap before GC invocations=1 (full 0):
 garbage-first heap   total 262144K, used 172329K [0x0000000700c00000, 0x0000000800000000)
  region size 1024K, 142 young (145408K), 3 survivors (3072K)
 Metaspace       used 9621K, capacity 10097K, committed 10368K, reserved 1058816K
  class space    used 643K, capacity 777K, committed 896K, reserved 1048576K
}
Event: 1.642 GC heap after
{Heap after GC invocations=2 (full 0):
 garbage-first heap   total 262144K, used 63416K [0x0000000700c00000, 0x0000000800000000)
  region size 1024K, 18 young (18432K), 18 survivors (18432K)
 Metaspace       used 9621K, capacity 10097K, committed 10368K, reserved 1058816K
  class space    used 643K, capacity 777K, committed 896K, reserved 1048576K
}
Event: 1.961 GC heap before
{Heap before GC invocations=2 (full 0):
 garbage-first heap   total 262144K, used 74680K [0x0000000700c00000, 0x0000000800000000)
  region size 1024K, 24 young (24576K), 18 survivors (18432K)
 Metaspace       used 9733K, capacity 10163K, committed 10368K, reserved 1058816K
  class space    used 643K, capacity 777K, committed 896K, reserved 1048576K
}
Event: 1.972 GC heap after
{Heap after GC invocations=3 (full 0):
 garbage-first heap   total 262144K, used 62423K [0x0000000700c00000, 0x0000000800000000)
  region size 1024K, 2 young (2048K), 2 survivors (2048K)
 Metaspace       used 9733K, capacity 10163K, committed 10368K, reserved 1058816K
  class space    used 643K, capacity 777K, committed 896K, reserved 1048576K
}

