# JRE version: Java(TM) SE Runtime Environment (8.0_111-b14) (build 1.8.0_111-b14)
# Java VM: Java HotSpot(TM) 64-Bit Server VM (25.111-b14 mixed mode windows-amd64 compressed oops)
Heap:
 PSYoungGen      total 34816K, used 34805K [0x00000000d9d00000, 0x00000000de100000, 0x0000000100000000)
  eden space 30208K, 100% used [0x00000000d9d00000,0x00000000dba80000,0x00000000dba80000)
  from space 4608K, 99% used [0x00000000dba80000,0x00000000dbefd490,0x00000000dbf00000)
  to   space 4608K, 0% used [0x00000000ddc80000,0x00000000ddc80000,0x00000000de100000)
 ParOldGen       total 79360K, used 5928K [0x000000008d600000, 0x0000000092380000, 0x00000000d9d00000)
  object space 79360K, 7% used [0x000000008d600000,0x000000008dbca298,0x0000000092380000)
 Metaspace       used 12151K, capacity 12373K, committed 12544K, reserved 1060864K
  class space    used 1081K, capacity 1197K, committed 1280K, reserved 1048576K
GC Heap History (6 events):
Event: 2.218 GC heap before
{Heap before GC invocations=1 (full 0):
 PSYoungGen      total 34816K, used 30191K [0x00000000d9d00000, 0x00000000dc380000, 0x0000000100000000)
  eden space 30208K, 99% used [0x00000000d9d00000,0x00000000dba7bc60,0x00000000dba80000)
  from space 4608K, 0% used [0x00000000dbf00000,0x00000000dbf00000,0x00000000dc380000)
  to   space 4608K, 0% used [0x00000000dba80000,0x00000000dba80000,0x00000000dbf00000)
 ParOldGen       total 79360K, used 0K [0x000000008d600000, 0x0000000092380000, 0x00000000d9d00000)
  object space 79360K, 0% used [0x000000008d600000,0x000000008d600000,0x0000000092380000)
 Metaspace       used 11294K, capacity 11433K, committed 11648K, reserved 1060864K
  class space    used 1020K, capacity 1097K, committed 1152K, reserved 1048576K
Event: 2.226 GC heap after
Heap after GC invocations=1 (full 0):
 PSYoungGen      total 34816K, used 4581K [0x00000000d9d00000, 0x00000000dc380000, 0x0000000100000000)
  eden space 30208K, 0% used [0x00000000d9d00000,0x00000000d9d00000,0x00000000dba80000)
  from space 4608K, 99% used [0x00000000dba80000,0x00000000dbef9468,0x00000000dbf00000)
  to   space 4608K, 0% used [0x00000000dbf00000,0x00000000dbf00000,0x00000000dc380000)
 ParOldGen       total 79360K, used 804K [0x000000008d600000, 0x0000000092380000, 0x00000000d9d00000)
  object space 79360K, 1% used [0x000000008d600000,0x000000008d6c9358,0x0000000092380000)
 Metaspace       used 11294K, capacity 11433K, committed 11648K, reserved 1060864K
  class space    used 1020K, capacity 1097K, committed 1152K, reserved 1048576K
}
Event: 3.134 GC heap before
{Heap before GC invocations=2 (full 0):
 PSYoungGen      total 34816K, used 34789K [0x00000000d9d00000, 0x00000000dc380000, 0x0000000100000000)
  eden space 30208K, 100% used [0x00000000d9d00000,0x00000000dba80000,0x00000000dba80000)
  from space 4608K, 99% used [0x00000000dba80000,0x00000000dbef9468,0x00000000dbf00000)
  to   space 4608K, 0% used [0x00000000dbf00000,0x00000000dbf00000,0x00000000dc380000)
 ParOldGen       total 79360K, used 804K [0x000000008d600000, 0x0000000092380000, 0x00000000d9d00000)
  object space 79360K, 1% used [0x000000008d600000,0x000000008d6c9358,0x0000000092380000)
 Metaspace       used 11978K, capacity 12213K, committed 12544K, reserved 1060864K
  class space    used 1067K, capacity 1165K, committed 1280K, reserved 1048576K
Event: 3.139 GC heap after
Heap after GC invocations=2 (full 0):
 PSYoungGen      total 34816K, used 3433K [0x00000000d9d00000, 0x00000000dc380000, 0x0000000100000000)
  eden space 30208K, 0% used [0x00000000d9d00000,0x00000000d9d00000,0x00000000dba80000)
  from space 4608K, 74% used [0x00000000dbf00000,0x00000000dc25a530,0x00000000dc380000)
  to   space 4608K, 0% used [0x00000000dba80000,0x00000000dba80000,0x00000000dbf00000)
 ParOldGen       total 79360K, used 812K [0x000000008d600000, 0x0000000092380000, 0x00000000d9d00000)
  object space 79360K, 1% used [0x000000008d600000,0x000000008d6cb358,0x0000000092380000)
 Metaspace       used 11978K, capacity 12213K, committed 12544K, reserved 1060864K
  class space    used 1067K, capacity 1165K, committed 1280K, reserved 1048576K
}
Event: 3.180 GC heap before
{Heap before GC invocations=3 (full 0):
 PSYoungGen      total 34816K, used 33641K [0x00000000d9d00000, 0x00000000dc380000, 0x0000000100000000)
  eden space 30208K, 100% used [0x00000000d9d00000,0x00000000dba80000,0x00000000dba80000)
  from space 4608K, 74% used [0x00000000dbf00000,0x00000000dc25a530,0x00000000dc380000)
  to   space 4608K, 0% used [0x00000000dba80000,0x00000000dba80000,0x00000000dbf00000)
 ParOldGen       total 79360K, used 812K [0x000000008d600000, 0x0000000092380000, 0x00000000d9d00000)
  object space 79360K, 1% used [0x000000008d600000,0x000000008d6cb358,0x0000000092380000)
 Metaspace       used 11978K, capacity 12213K, committed 12544K, reserved 1060864K
  class space    used 1067K, capacity 1165K, committed 1280K, reserved 1048576K
Event: 3.199 GC heap after
Heap after GC invocations=3 (full 0):
 PSYoungGen      total 34816K, used 4597K [0x00000000d9d00000, 0x00000000de100000, 0x0000000100000000)
  eden space 30208K, 0% used [0x00000000d9d00000,0x00000000d9d00000,0x00000000dba80000)
  from space 4608K, 99% used [0x00000000dba80000,0x00000000dbefd490,0x00000000dbf00000)
  to   space 4608K, 0% used [0x00000000ddc80000,0x00000000ddc80000,0x00000000de100000)
 ParOldGen       total 79360K, used 5928K [0x000000008d600000, 0x0000000092380000, 0x00000000d9d00000)
  object space 79360K, 7% used [0x000000008d600000,0x000000008dbca298,0x0000000092380000)
 Metaspace       used 11978K, capacity 12213K, committed 12544K, reserved 1060864K
  class space    used 1067K, capacity 1165K, committed 1280K, reserved 1048576K
}

