# JRE version: Java(TM) SE Runtime Environment (8.0_111-b14) (build 1.8.0_111-b14)
# Java VM: Java HotSpot(TM) 64-Bit Server VM (25.111-b14 mixed mode windows-amd64 compressed oops)
Heap:
 PSYoungGen      total 250368K, used 72278K [0x00000000d9d00000, 0x00000000e9b00000, 0x0000000100000000)
  eden space 241664K, 28% used [0x00000000d9d00000,0x00000000ddf4d988,0x00000000e8900000)
  from space 8704K, 50% used [0x00000000e9280000,0x00000000e96c8000,0x00000000e9b00000)
  to   space 9216K, 0% used [0x00000000e8900000,0x00000000e8900000,0x00000000e9200000)
 ParOldGen       total 79360K, used 16451K [0x000000008d600000, 0x0000000092380000, 0x00000000d9d00000)
  object space 79360K, 20% used [0x000000008d600000,0x000000008e610da0,0x0000000092380000)
 Metaspace       used 11711K, capacity 11991K, committed 12160K, reserved 1060864K
  class space    used 1034K, capacity 1134K, committed 1152K, reserved 1048576K
GC Heap History (10 events):
Event: 1.850 GC heap before
{Heap before GC invocations=4 (full 0):
 PSYoungGen      total 34816K, used 34791K [0x00000000d9d00000, 0x00000000de100000, 0x0000000100000000)
  eden space 30208K, 100% used [0x00000000d9d00000,0x00000000dba80000,0x00000000dba80000)
  from space 4608K, 99% used [0x00000000dba80000,0x00000000dbef9ce8,0x00000000dbf00000)
  to   space 4608K, 0% used [0x00000000ddc80000,0x00000000ddc80000,0x00000000de100000)
 ParOldGen       total 79360K, used 797K [0x000000008d600000, 0x0000000092380000, 0x00000000d9d00000)
  object space 79360K, 1% used [0x000000008d600000,0x000000008d6c75c8,0x0000000092380000)
 Metaspace       used 11233K, capacity 11433K, committed 11648K, reserved 1060864K
  class space    used 1013K, capacity 1097K, committed 1152K, reserved 1048576K
Event: 1.864 GC heap after
Heap after GC invocations=4 (full 0):
 PSYoungGen      total 65024K, used 4599K [0x00000000d9d00000, 0x00000000de100000, 0x0000000100000000)
  eden space 60416K, 0% used [0x00000000d9d00000,0x00000000d9d00000,0x00000000dd800000)
  from space 4608K, 99% used [0x00000000ddc80000,0x00000000de0fdda8,0x00000000de100000)
  to   space 4608K, 0% used [0x00000000dd800000,0x00000000dd800000,0x00000000ddc80000)
 ParOldGen       total 79360K, used 2253K [0x000000008d600000, 0x0000000092380000, 0x00000000d9d00000)
  object space 79360K, 2% used [0x000000008d600000,0x000000008d8335c8,0x0000000092380000)
 Metaspace       used 11233K, capacity 11433K, committed 11648K, reserved 1060864K
  class space    used 1013K, capacity 1097K, committed 1152K, reserved 1048576K
}
Event: 1.957 GC heap before
{Heap before GC invocations=5 (full 0):
 PSYoungGen      total 65024K, used 65015K [0x00000000d9d00000, 0x00000000de100000, 0x0000000100000000)
  eden space 60416K, 100% used [0x00000000d9d00000,0x00000000dd800000,0x00000000dd800000)
  from space 4608K, 99% used [0x00000000ddc80000,0x00000000de0fdda8,0x00000000de100000)
  to   space 4608K, 0% used [0x00000000dd800000,0x00000000dd800000,0x00000000ddc80000)
 ParOldGen       total 79360K, used 2253K [0x000000008d600000, 0x0000000092380000, 0x00000000d9d00000)
  object space 79360K, 2% used [0x000000008d600000,0x000000008d8335c8,0x0000000092380000)
 Metaspace       used 11233K, capacity 11433K, committed 11648K, reserved 1060864K
  class space    used 1013K, capacity 1097K, committed 1152K, reserved 1048576K
Event: 1.979 GC heap after
Heap after GC invocations=5 (full 0):
 PSYoungGen      total 65024K, used 4605K [0x00000000d9d00000, 0x00000000e2400000, 0x0000000100000000)
  eden space 60416K, 0% used [0x00000000d9d00000,0x00000000d9d00000,0x00000000dd800000)
  from space 4608K, 99% used [0x00000000dd800000,0x00000000ddc7f498,0x00000000ddc80000)
  to   space 8704K, 0% used [0x00000000e1b80000,0x00000000e1b80000,0x00000000e2400000)
 ParOldGen       total 79360K, used 5733K [0x000000008d600000, 0x0000000092380000, 0x00000000d9d00000)
  object space 79360K, 7% used [0x000000008d600000,0x000000008db995e8,0x0000000092380000)
 Metaspace       used 11233K, capacity 11433K, committed 11648K, reserved 1060864K
  class space    used 1013K, capacity 1097K, committed 1152K, reserved 1048576K
}
Event: 2.562 GC heap before
{Heap before GC invocations=6 (full 0):
 PSYoungGen      total 65024K, used 65021K [0x00000000d9d00000, 0x00000000e2400000, 0x0000000100000000)
  eden space 60416K, 100% used [0x00000000d9d00000,0x00000000dd800000,0x00000000dd800000)
  from space 4608K, 99% used [0x00000000dd800000,0x00000000ddc7f498,0x00000000ddc80000)
  to   space 8704K, 0% used [0x00000000e1b80000,0x00000000e1b80000,0x00000000e2400000)
 ParOldGen       total 79360K, used 5733K [0x000000008d600000, 0x0000000092380000, 0x00000000d9d00000)
  object space 79360K, 7% used [0x000000008d600000,0x000000008db995e8,0x0000000092380000)
 Metaspace       used 11531K, capacity 11723K, committed 11904K, reserved 1060864K
  class space    used 1028K, capacity 1130K, committed 1152K, reserved 1048576K
Event: 2.575 GC heap after
Heap after GC invocations=6 (full 0):
 PSYoungGen      total 129536K, used 6820K [0x00000000d9d00000, 0x00000000e2400000, 0x0000000100000000)
  eden space 120832K, 0% used [0x00000000d9d00000,0x00000000d9d00000,0x00000000e1300000)
  from space 8704K, 78% used [0x00000000e1b80000,0x00000000e2229398,0x00000000e2400000)
  to   space 8704K, 0% used [0x00000000e1300000,0x00000000e1300000,0x00000000e1b80000)
 ParOldGen       total 79360K, used 13933K [0x000000008d600000, 0x0000000092380000, 0x00000000d9d00000)
  object space 79360K, 17% used [0x000000008d600000,0x000000008e39b608,0x0000000092380000)
 Metaspace       used 11531K, capacity 11723K, committed 11904K, reserved 1060864K
  class space    used 1028K, capacity 1130K, committed 1152K, reserved 1048576K
}
Event: 4.152 GC heap before
{Heap before GC invocations=7 (full 0):
 PSYoungGen      total 129536K, used 127652K [0x00000000d9d00000, 0x00000000e2400000, 0x0000000100000000)
  eden space 120832K, 100% used [0x00000000d9d00000,0x00000000e1300000,0x00000000e1300000)
  from space 8704K, 78% used [0x00000000e1b80000,0x00000000e2229398,0x00000000e2400000)
  to   space 8704K, 0% used [0x00000000e1300000,0x00000000e1300000,0x00000000e1b80000)
 ParOldGen       total 79360K, used 13933K [0x000000008d600000, 0x0000000092380000, 0x00000000d9d00000)
  object space 79360K, 17% used [0x000000008d600000,0x000000008e39b608,0x0000000092380000)
 Metaspace       used 11671K, capacity 11861K, committed 12160K, reserved 1060864K
  class space    used 1032K, capacity 1133K, committed 1152K, reserved 1048576K
Event: 4.164 GC heap after
Heap after GC invocations=7 (full 0):
 PSYoungGen      total 129536K, used 432K [0x00000000d9d00000, 0x00000000e9c00000, 0x0000000100000000)
  eden space 120832K, 0% used [0x00000000d9d00000,0x00000000d9d00000,0x00000000e1300000)
  from space 8704K, 4% used [0x00000000e1300000,0x00000000e136c010,0x00000000e1b80000)
  to   space 9728K, 0% used [0x00000000e9280000,0x00000000e9280000,0x00000000e9c00000)
 ParOldGen       total 79360K, used 16443K [0x000000008d600000, 0x0000000092380000, 0x00000000d9d00000)
  object space 79360K, 20% used [0x000000008d600000,0x000000008e60eda0,0x0000000092380000)
 Metaspace       used 11671K, capacity 11861K, committed 12160K, reserved 1060864K
  class space    used 1032K, capacity 1133K, committed 1152K, reserved 1048576K
}
Event: 17.385 GC heap before
{Heap before GC invocations=8 (full 0):
 PSYoungGen      total 129536K, used 121264K [0x00000000d9d00000, 0x00000000e9c00000, 0x0000000100000000)
  eden space 120832K, 100% used [0x00000000d9d00000,0x00000000e1300000,0x00000000e1300000)
  from space 8704K, 4% used [0x00000000e1300000,0x00000000e136c010,0x00000000e1b80000)
  to   space 9728K, 0% used [0x00000000e9280000,0x00000000e9280000,0x00000000e9c00000)
 ParOldGen       total 79360K, used 16443K [0x000000008d600000, 0x0000000092380000, 0x00000000d9d00000)
  object space 79360K, 20% used [0x000000008d600000,0x000000008e60eda0,0x0000000092380000)
 Metaspace       used 11683K, capacity 11861K, committed 12160K, reserved 1060864K
  class space    used 1033K, capacity 1133K, committed 1152K, reserved 1048576K
Event: 17.424 GC heap after
Heap after GC invocations=8 (full 0):
 PSYoungGen      total 250368K, used 4384K [0x00000000d9d00000, 0x00000000e9b00000, 0x0000000100000000)
  eden space 241664K, 0% used [0x00000000d9d00000,0x00000000d9d00000,0x00000000e8900000)
  from space 8704K, 50% used [0x00000000e9280000,0x00000000e96c8000,0x00000000e9b00000)
  to   space 9216K, 0% used [0x00000000e8900000,0x00000000e8900000,0x00000000e9200000)
 ParOldGen       total 79360K, used 16451K [0x000000008d600000, 0x0000000092380000, 0x00000000d9d00000)
  object space 79360K, 20% used [0x000000008d600000,0x000000008e610da0,0x0000000092380000)
 Metaspace       used 11683K, capacity 11861K, committed 12160K, reserved 1060864K
  class space    used 1033K, capacity 1133K, committed 1152K, reserved 1048576K
}

