# JRE version: Java(TM) SE Runtime Environment (8.0_111-b14) (build 1.8.0_111-b14)
# Java VM: Java HotSpot(TM) 64-Bit Server VM (25.111-b14 mixed mode windows-amd64 compressed oops)
Heap:
 PSYoungGen      total 129536K, used 65807K [0x00000000d9d00000, 0x00000000e9c00000, 0x0000000100000000)
  eden space 120832K, 54% used [0x00000000d9d00000,0x00000000ddccbd58,0x00000000e1300000)
  from space 8704K, 5% used [0x00000000e1300000,0x00000000e1378000,0x00000000e1b80000)
  to   space 9728K, 0% used [0x00000000e9280000,0x00000000e9280000,0x00000000e9c00000)
 ParOldGen       total 79360K, used 17033K [0x000000008d600000, 0x0000000092380000, 0x00000000d9d00000)
  object space 79360K, 21% used [0x000000008d600000,0x000000008e6a2728,0x0000000092380000)
 Metaspace       used 11750K, capacity 11951K, committed 12160K, reserved 1060864K
  class space    used 1040K, capacity 1138K, committed 1152K, reserved 1048576K
GC Heap History (10 events):
Event: 1.721 GC heap before
{Heap before GC invocations=3 (full 0):
 PSYoungGen      total 34816K, used 33529K [0x00000000d9d00000, 0x00000000de100000, 0x0000000100000000)
  eden space 30208K, 100% used [0x00000000d9d00000,0x00000000dba80000,0x00000000dba80000)
  from space 4608K, 72% used [0x00000000dbf00000,0x00000000dc23e540,0x00000000dc380000)
  to   space 4608K, 0% used [0x00000000dba80000,0x00000000dba80000,0x00000000dbf00000)
 ParOldGen       total 79360K, used 2059K [0x000000008d600000, 0x0000000092380000, 0x00000000d9d00000)
  object space 79360K, 2% used [0x000000008d600000,0x000000008d802f70,0x0000000092380000)
 Metaspace       used 11146K, capacity 11369K, committed 11648K, reserved 1060864K
  class space    used 1010K, capacity 1097K, committed 1152K, reserved 1048576K
Event: 1.727 GC heap after
Heap after GC invocations=3 (full 0):
 PSYoungGen      total 34816K, used 4523K [0x00000000d9d00000, 0x00000000de100000, 0x0000000100000000)
  eden space 30208K, 0% used [0x00000000d9d00000,0x00000000d9d00000,0x00000000dba80000)
  from space 4608K, 98% used [0x00000000dba80000,0x00000000dbeeace8,0x00000000dbf00000)
  to   space 4608K, 0% used [0x00000000ddc80000,0x00000000ddc80000,0x00000000de100000)
 ParOldGen       total 79360K, used 2067K [0x000000008d600000, 0x0000000092380000, 0x00000000d9d00000)
  object space 79360K, 2% used [0x000000008d600000,0x000000008d804f70,0x0000000092380000)
 Metaspace       used 11146K, capacity 11369K, committed 11648K, reserved 1060864K
  class space    used 1010K, capacity 1097K, committed 1152K, reserved 1048576K
}
Event: 1.765 GC heap before
{Heap before GC invocations=4 (full 0):
 PSYoungGen      total 34816K, used 34731K [0x00000000d9d00000, 0x00000000de100000, 0x0000000100000000)
  eden space 30208K, 100% used [0x00000000d9d00000,0x00000000dba80000,0x00000000dba80000)
  from space 4608K, 98% used [0x00000000dba80000,0x00000000dbeeace8,0x00000000dbf00000)
  to   space 4608K, 0% used [0x00000000ddc80000,0x00000000ddc80000,0x00000000de100000)
 ParOldGen       total 79360K, used 2067K [0x000000008d600000, 0x0000000092380000, 0x00000000d9d00000)
  object space 79360K, 2% used [0x000000008d600000,0x000000008d804f70,0x0000000092380000)
 Metaspace       used 11151K, capacity 11369K, committed 11648K, reserved 1060864K
  class space    used 1010K, capacity 1097K, committed 1152K, reserved 1048576K
Event: 1.775 GC heap after
Heap after GC invocations=4 (full 0):
 PSYoungGen      total 65024K, used 4601K [0x00000000d9d00000, 0x00000000de100000, 0x0000000100000000)
  eden space 60416K, 0% used [0x00000000d9d00000,0x00000000d9d00000,0x00000000dd800000)
  from space 4608K, 99% used [0x00000000ddc80000,0x00000000de0fe488,0x00000000de100000)
  to   space 4608K, 0% used [0x00000000dd800000,0x00000000dd800000,0x00000000ddc80000)
 ParOldGen       total 79360K, used 3371K [0x000000008d600000, 0x0000000092380000, 0x00000000d9d00000)
  object space 79360K, 4% used [0x000000008d600000,0x000000008d94af70,0x0000000092380000)
 Metaspace       used 11151K, capacity 11369K, committed 11648K, reserved 1060864K
  class space    used 1010K, capacity 1097K, committed 1152K, reserved 1048576K
}
Event: 1.844 GC heap before
{Heap before GC invocations=5 (full 0):
 PSYoungGen      total 65024K, used 65017K [0x00000000d9d00000, 0x00000000de100000, 0x0000000100000000)
  eden space 60416K, 100% used [0x00000000d9d00000,0x00000000dd800000,0x00000000dd800000)
  from space 4608K, 99% used [0x00000000ddc80000,0x00000000de0fe488,0x00000000de100000)
  to   space 4608K, 0% used [0x00000000dd800000,0x00000000dd800000,0x00000000ddc80000)
 ParOldGen       total 79360K, used 3371K [0x000000008d600000, 0x0000000092380000, 0x00000000d9d00000)
  object space 79360K, 4% used [0x000000008d600000,0x000000008d94af70,0x0000000092380000)
 Metaspace       used 11151K, capacity 11369K, committed 11648K, reserved 1060864K
  class space    used 1010K, capacity 1097K, committed 1152K, reserved 1048576K
Event: 1.864 GC heap after
Heap after GC invocations=5 (full 0):
 PSYoungGen      total 65024K, used 4605K [0x00000000d9d00000, 0x00000000e2500000, 0x0000000100000000)
  eden space 60416K, 0% used [0x00000000d9d00000,0x00000000d9d00000,0x00000000dd800000)
  from space 4608K, 99% used [0x00000000dd800000,0x00000000ddc7f4b8,0x00000000ddc80000)
  to   space 9216K, 0% used [0x00000000e1c00000,0x00000000e1c00000,0x00000000e2500000)
 ParOldGen       total 79360K, used 6907K [0x000000008d600000, 0x0000000092380000, 0x00000000d9d00000)
  object space 79360K, 8% used [0x000000008d600000,0x000000008dcbef70,0x0000000092380000)
 Metaspace       used 11151K, capacity 11369K, committed 11648K, reserved 1060864K
  class space    used 1010K, capacity 1097K, committed 1152K, reserved 1048576K
}
Event: 2.429 GC heap before
{Heap before GC invocations=6 (full 0):
 PSYoungGen      total 65024K, used 65021K [0x00000000d9d00000, 0x00000000e2500000, 0x0000000100000000)
  eden space 60416K, 100% used [0x00000000d9d00000,0x00000000dd800000,0x00000000dd800000)
  from space 4608K, 99% used [0x00000000dd800000,0x00000000ddc7f4b8,0x00000000ddc80000)
  to   space 9216K, 0% used [0x00000000e1c00000,0x00000000e1c00000,0x00000000e2500000)
 ParOldGen       total 79360K, used 6907K [0x000000008d600000, 0x0000000092380000, 0x00000000d9d00000)
  object space 79360K, 8% used [0x000000008d600000,0x000000008dcbef70,0x0000000092380000)
 Metaspace       used 11538K, capacity 11723K, committed 11904K, reserved 1060864K
  class space    used 1030K, capacity 1130K, committed 1152K, reserved 1048576K
Event: 2.440 GC heap after
Heap after GC invocations=6 (full 0):
 PSYoungGen      total 129024K, used 6260K [0x00000000d9d00000, 0x00000000e2400000, 0x0000000100000000)
  eden space 120832K, 0% used [0x00000000d9d00000,0x00000000d9d00000,0x00000000e1300000)
  from space 8192K, 76% used [0x00000000e1c00000,0x00000000e221d388,0x00000000e2400000)
  to   space 8704K, 0% used [0x00000000e1300000,0x00000000e1300000,0x00000000e1b80000)
 ParOldGen       total 79360K, used 15107K [0x000000008d600000, 0x0000000092380000, 0x00000000d9d00000)
  object space 79360K, 19% used [0x000000008d600000,0x000000008e4c0f90,0x0000000092380000)
 Metaspace       used 11538K, capacity 11723K, committed 11904K, reserved 1060864K
  class space    used 1030K, capacity 1130K, committed 1152K, reserved 1048576K
}
Event: 3.898 GC heap before
{Heap before GC invocations=7 (full 0):
 PSYoungGen      total 129024K, used 127092K [0x00000000d9d00000, 0x00000000e2400000, 0x0000000100000000)
  eden space 120832K, 100% used [0x00000000d9d00000,0x00000000e1300000,0x00000000e1300000)
  from space 8192K, 76% used [0x00000000e1c00000,0x00000000e221d388,0x00000000e2400000)
  to   space 8704K, 0% used [0x00000000e1300000,0x00000000e1300000,0x00000000e1b80000)
 ParOldGen       total 79360K, used 15107K [0x000000008d600000, 0x0000000092380000, 0x00000000d9d00000)
  object space 79360K, 19% used [0x000000008d600000,0x000000008e4c0f90,0x0000000092380000)
 Metaspace       used 11714K, capacity 11947K, committed 12160K, reserved 1060864K
  class space    used 1037K, capacity 1136K, committed 1152K, reserved 1048576K
Event: 3.905 GC heap after
Heap after GC invocations=7 (full 0):
 PSYoungGen      total 129536K, used 480K [0x00000000d9d00000, 0x00000000e9c00000, 0x0000000100000000)
  eden space 120832K, 0% used [0x00000000d9d00000,0x00000000d9d00000,0x00000000e1300000)
  from space 8704K, 5% used [0x00000000e1300000,0x00000000e1378000,0x00000000e1b80000)
  to   space 9728K, 0% used [0x00000000e9280000,0x00000000e9280000,0x00000000e9c00000)
 ParOldGen       total 79360K, used 17033K [0x000000008d600000, 0x0000000092380000, 0x00000000d9d00000)
  object space 79360K, 21% used [0x000000008d600000,0x000000008e6a2728,0x0000000092380000)
 Metaspace       used 11714K, capacity 11947K, committed 12160K, reserved 1060864K
  class space    used 1037K, capacity 1136K, committed 1152K, reserved 1048576K
}

