# JRE version: Java(TM) SE Runtime Environment (8.0_111-b14) (build 1.8.0_111-b14)
# Java VM: Java HotSpot(TM) 64-Bit Server VM (25.111-b14 mixed mode windows-amd64 compressed oops)
Heap:
 PSYoungGen      total 250368K, used 37337K [0x00000000d9d00000, 0x00000000e9b00000, 0x0000000100000000)
  eden space 241664K, 13% used [0x00000000d9d00000,0x00000000dbde9ea0,0x00000000e8900000)
  from space 8704K, 41% used [0x00000000e9280000,0x00000000e960c6d0,0x00000000e9b00000)
  to   space 9216K, 0% used [0x00000000e8900000,0x00000000e8900000,0x00000000e9200000)
 ParOldGen       total 79360K, used 16297K [0x000000008d600000, 0x0000000092380000, 0x00000000d9d00000)
  object space 79360K, 20% used [0x000000008d600000,0x000000008e5ea600,0x0000000092380000)
 Metaspace       used 11962K, capacity 12207K, committed 12416K, reserved 1060864K
  class space    used 1041K, capacity 1138K, committed 1152K, reserved 1048576K
GC Heap History (10 events):
Event: 2.474 GC heap before
{Heap before GC invocations=4 (full 0):
 PSYoungGen      total 34816K, used 34791K [0x00000000d9d00000, 0x00000000de100000, 0x0000000100000000)
  eden space 30208K, 100% used [0x00000000d9d00000,0x00000000dba80000,0x00000000dba80000)
  from space 4608K, 99% used [0x00000000dba80000,0x00000000dbef9ce8,0x00000000dbf00000)
  to   space 4608K, 0% used [0x00000000ddc80000,0x00000000ddc80000,0x00000000de100000)
 ParOldGen       total 79360K, used 775K [0x000000008d600000, 0x0000000092380000, 0x00000000d9d00000)
  object space 79360K, 0% used [0x000000008d600000,0x000000008d6c1e58,0x0000000092380000)
 Metaspace       used 11176K, capacity 11369K, committed 11648K, reserved 1060864K
  class space    used 1011K, capacity 1097K, committed 1152K, reserved 1048576K
Event: 2.485 GC heap after
Heap after GC invocations=4 (full 0):
 PSYoungGen      total 65024K, used 4599K [0x00000000d9d00000, 0x00000000de100000, 0x0000000100000000)
  eden space 60416K, 0% used [0x00000000d9d00000,0x00000000d9d00000,0x00000000dd800000)
  from space 4608K, 99% used [0x00000000ddc80000,0x00000000de0fdda8,0x00000000de100000)
  to   space 4608K, 0% used [0x00000000dd800000,0x00000000dd800000,0x00000000ddc80000)
 ParOldGen       total 79360K, used 2223K [0x000000008d600000, 0x0000000092380000, 0x00000000d9d00000)
  object space 79360K, 2% used [0x000000008d600000,0x000000008d82be58,0x0000000092380000)
 Metaspace       used 11176K, capacity 11369K, committed 11648K, reserved 1060864K
  class space    used 1011K, capacity 1097K, committed 1152K, reserved 1048576K
}
Event: 2.548 GC heap before
{Heap before GC invocations=5 (full 0):
 PSYoungGen      total 65024K, used 65015K [0x00000000d9d00000, 0x00000000de100000, 0x0000000100000000)
  eden space 60416K, 100% used [0x00000000d9d00000,0x00000000dd800000,0x00000000dd800000)
  from space 4608K, 99% used [0x00000000ddc80000,0x00000000de0fdda8,0x00000000de100000)
  to   space 4608K, 0% used [0x00000000dd800000,0x00000000dd800000,0x00000000ddc80000)
 ParOldGen       total 79360K, used 2223K [0x000000008d600000, 0x0000000092380000, 0x00000000d9d00000)
  object space 79360K, 2% used [0x000000008d600000,0x000000008d82be58,0x0000000092380000)
 Metaspace       used 11176K, capacity 11369K, committed 11648K, reserved 1060864K
  class space    used 1011K, capacity 1097K, committed 1152K, reserved 1048576K
Event: 2.566 GC heap after
Heap after GC invocations=5 (full 0):
 PSYoungGen      total 65024K, used 4605K [0x00000000d9d00000, 0x00000000e2400000, 0x0000000100000000)
  eden space 60416K, 0% used [0x00000000d9d00000,0x00000000d9d00000,0x00000000dd800000)
  from space 4608K, 99% used [0x00000000dd800000,0x00000000ddc7f498,0x00000000ddc80000)
  to   space 8704K, 0% used [0x00000000e1b80000,0x00000000e1b80000,0x00000000e2400000)
 ParOldGen       total 79360K, used 5745K [0x000000008d600000, 0x0000000092380000, 0x00000000d9d00000)
  object space 79360K, 7% used [0x000000008d600000,0x000000008db9c788,0x0000000092380000)
 Metaspace       used 11176K, capacity 11369K, committed 11648K, reserved 1060864K
  class space    used 1011K, capacity 1097K, committed 1152K, reserved 1048576K
}
Event: 3.072 GC heap before
{Heap before GC invocations=6 (full 0):
 PSYoungGen      total 65024K, used 65021K [0x00000000d9d00000, 0x00000000e2400000, 0x0000000100000000)
  eden space 60416K, 100% used [0x00000000d9d00000,0x00000000dd800000,0x00000000dd800000)
  from space 4608K, 99% used [0x00000000dd800000,0x00000000ddc7f498,0x00000000ddc80000)
  to   space 8704K, 0% used [0x00000000e1b80000,0x00000000e1b80000,0x00000000e2400000)
 ParOldGen       total 79360K, used 5745K [0x000000008d600000, 0x0000000092380000, 0x00000000d9d00000)
  object space 79360K, 7% used [0x000000008d600000,0x000000008db9c788,0x0000000092380000)
 Metaspace       used 11552K, capacity 11787K, committed 11904K, reserved 1060864K
  class space    used 1031K, capacity 1130K, committed 1152K, reserved 1048576K
Event: 3.082 GC heap after
Heap after GC invocations=6 (full 0):
 PSYoungGen      total 129536K, used 6644K [0x00000000d9d00000, 0x00000000e2400000, 0x0000000100000000)
  eden space 120832K, 0% used [0x00000000d9d00000,0x00000000d9d00000,0x00000000e1300000)
  from space 8704K, 76% used [0x00000000e1b80000,0x00000000e21fd388,0x00000000e2400000)
  to   space 8704K, 0% used [0x00000000e1300000,0x00000000e1300000,0x00000000e1b80000)
 ParOldGen       total 79360K, used 13945K [0x000000008d600000, 0x0000000092380000, 0x00000000d9d00000)
  object space 79360K, 17% used [0x000000008d600000,0x000000008e39e7a8,0x0000000092380000)
 Metaspace       used 11552K, capacity 11787K, committed 11904K, reserved 1060864K
  class space    used 1031K, capacity 1130K, committed 1152K, reserved 1048576K
}
Event: 4.564 GC heap before
{Heap before GC invocations=7 (full 0):
 PSYoungGen      total 129536K, used 127476K [0x00000000d9d00000, 0x00000000e2400000, 0x0000000100000000)
  eden space 120832K, 100% used [0x00000000d9d00000,0x00000000e1300000,0x00000000e1300000)
  from space 8704K, 76% used [0x00000000e1b80000,0x00000000e21fd388,0x00000000e2400000)
  to   space 8704K, 0% used [0x00000000e1300000,0x00000000e1300000,0x00000000e1b80000)
 ParOldGen       total 79360K, used 13945K [0x000000008d600000, 0x0000000092380000, 0x00000000d9d00000)
  object space 79360K, 17% used [0x000000008d600000,0x000000008e39e7a8,0x0000000092380000)
 Metaspace       used 11853K, capacity 12131K, committed 12416K, reserved 1060864K
  class space    used 1037K, capacity 1136K, committed 1152K, reserved 1048576K
Event: 4.571 GC heap after
Heap after GC invocations=7 (full 0):
 PSYoungGen      total 129536K, used 432K [0x00000000d9d00000, 0x00000000e9c00000, 0x0000000100000000)
  eden space 120832K, 0% used [0x00000000d9d00000,0x00000000d9d00000,0x00000000e1300000)
  from space 8704K, 4% used [0x00000000e1300000,0x00000000e136c010,0x00000000e1b80000)
  to   space 9728K, 0% used [0x00000000e9280000,0x00000000e9280000,0x00000000e9c00000)
 ParOldGen       total 79360K, used 16281K [0x000000008d600000, 0x0000000092380000, 0x00000000d9d00000)
  object space 79360K, 20% used [0x000000008d600000,0x000000008e5e6600,0x0000000092380000)
 Metaspace       used 11853K, capacity 12131K, committed 12416K, reserved 1060864K
  class space    used 1037K, capacity 1136K, committed 1152K, reserved 1048576K
}
Event: 10.871 GC heap before
{Heap before GC invocations=8 (full 0):
 PSYoungGen      total 129536K, used 121264K [0x00000000d9d00000, 0x00000000e9c00000, 0x0000000100000000)
  eden space 120832K, 100% used [0x00000000d9d00000,0x00000000e1300000,0x00000000e1300000)
  from space 8704K, 4% used [0x00000000e1300000,0x00000000e136c010,0x00000000e1b80000)
  to   space 9728K, 0% used [0x00000000e9280000,0x00000000e9280000,0x00000000e9c00000)
 ParOldGen       total 79360K, used 16281K [0x000000008d600000, 0x0000000092380000, 0x00000000d9d00000)
  object space 79360K, 20% used [0x000000008d600000,0x000000008e5e6600,0x0000000092380000)
 Metaspace       used 11960K, capacity 12205K, committed 12416K, reserved 1060864K
  class space    used 1040K, capacity 1137K, committed 1152K, reserved 1048576K
Event: 10.891 GC heap after
Heap after GC invocations=8 (full 0):
 PSYoungGen      total 250368K, used 3633K [0x00000000d9d00000, 0x00000000e9b00000, 0x0000000100000000)
  eden space 241664K, 0% used [0x00000000d9d00000,0x00000000d9d00000,0x00000000e8900000)
  from space 8704K, 41% used [0x00000000e9280000,0x00000000e960c6d0,0x00000000e9b00000)
  to   space 9216K, 0% used [0x00000000e8900000,0x00000000e8900000,0x00000000e9200000)
 ParOldGen       total 79360K, used 16297K [0x000000008d600000, 0x0000000092380000, 0x00000000d9d00000)
  object space 79360K, 20% used [0x000000008d600000,0x000000008e5ea600,0x0000000092380000)
 Metaspace       used 11960K, capacity 12205K, committed 12416K, reserved 1060864K
  class space    used 1040K, capacity 1137K, committed 1152K, reserved 1048576K
}

